Linux 6.11.0-26-generic (x-VirtualBox) 	12/06/25 	_x86_64_	(4 CPU)

avg-cpu:  %user   %nice %system %iowait  %steal   %idle
           0,49    0,03    0,24   13,19    0,00   86,05

Device            r/s     rkB/s   rrqm/s  %rrqm r_await rareq-sz     w/s     wkB/s   wrqm/s  %wrqm w_await wareq-sz     d/s     dkB/s   drqm/s  %drqm d_await dareq-sz     f/s f_await  aqu-sz  %util
loop0            0,33      3,99     0,00   0,00    4,82    12,03    0,00      0,00     0,00   0,00    0,00     0,00    0,00      0,00     0,00   0,00    0,00     0,00    0,00    0,00    0,00   0,15
loop1            0,01      0,02     0,00   0,00   11,83     1,33    0,00      0,00     0,00   0,00    0,00     0,00    0,00      0,00     0,00   0,00    0,00     0,00    0,00    0,00    0,00   0,01
loop10           0,77     29,64     0,00   0,00   14,70    38,26    0,00      0,00     0,00   0,00    0,00     0,00    0,00      0,00     0,00   0,00    0,00     0,00    0,00    0,00    0,01   1,03
loop11           0,03      0,33     0,00   0,00    7,88    11,96    0,00      0,00     0,00   0,00    0,00     0,00    0,00      0,00     0,00   0,00    0,00     0,00    0,00    0,00    0,00   0,02
loop12           0,01      0,01     0,00   0,00    0,00     1,00    0,00      0,00     0,00   0,00    0,00     0,00    0,00      0,00     0,00   0,00    0,00     0,00    0,00    0,00    0,00   0,00
loop2            0,01      0,02     0,00   0,00    8,27     1,27    0,00      0,00     0,00   0,00    0,00     0,00    0,00      0,00     0,00   0,00    0,00     0,00    0,00    0,00    0,00   0,01
loop3            0,01      0,01     0,00   0,00    2,23     1,00    0,00      0,00     0,00   0,00    0,00     0,00    0,00      0,00     0,00   0,00    0,00     0,00    0,00    0,00    0,00   0,00
loop4            2,13     24,92     0,00   0,00    4,03    11,70    0,00      0,00     0,00   0,00    0,00     0,00    0,00      0,00     0,00   0,00    0,00     0,00    0,00    0,00    0,01   0,68
loop5            0,02      0,08     0,00   0,00   15,50     4,25    0,00      0,00     0,00   0,00    0,00     0,00    0,00      0,00     0,00   0,00    0,00     0,00    0,00    0,00    0,00   0,03
loop6            1,97      4,89     0,00   0,00    0,71     2,47    0,00      0,00     0,00   0,00    0,00     0,00    0,00      0,00     0,00   0,00    0,00     0,00    0,00    0,00    0,00   0,13
loop7            0,01      0,01     0,00   0,00    8,22     1,22    0,00      0,00     0,00   0,00    0,00     0,00    0,00      0,00     0,00   0,00    0,00     0,00    0,00    0,00    0,00   0,01
loop8            0,01      0,05     0,00   0,00   36,54     3,23    0,00      0,00     0,00   0,00    0,00     0,00    0,00      0,00     0,00   0,00    0,00     0,00    0,00    0,00    0,00   0,05
loop9            0,01      0,01     0,00   0,00   13,44     1,22    0,00      0,00     0,00   0,00    0,00     0,00    0,00      0,00     0,00   0,00    0,00     0,00    0,00    0,00    0,00   0,01
sda             25,09   1126,21     6,51  20,61   20,00    44,89    6,42    496,96    15,29  70,43   57,53    77,41    0,00      0,00     0,00   0,00    0,00     0,00    2,76   97,69    1,14  32,67
sr0              0,05      0,17     0,00   0,00    0,07     3,44    0,00      0,00     0,00   0,00    0,00     0,00    0,00      0,00     0,00   0,00    0,00     0,00    0,00    0,00    0,00   0,00


avg-cpu:  %user   %nice %system %iowait  %steal   %idle
           0,00    0,00    0,00    0,00    0,00  100,00

Device            r/s     rkB/s   rrqm/s  %rrqm r_await rareq-sz     w/s     wkB/s   wrqm/s  %wrqm w_await wareq-sz     d/s     dkB/s   drqm/s  %drqm d_await dareq-sz     f/s f_await  aqu-sz  %util


avg-cpu:  %user   %nice %system %iowait  %steal   %idle
           0,00    0,00    0,00    0,00    0,00  100,00

Device            r/s     rkB/s   rrqm/s  %rrqm r_await rareq-sz     w/s     wkB/s   wrqm/s  %wrqm w_await wareq-sz     d/s     dkB/s   drqm/s  %drqm d_await dareq-sz     f/s f_await  aqu-sz  %util


