Linux 6.11.0-26-generic (x-VirtualBox) 	12/06/25 	_x86_64_	(4 CPU)

11:56:26     CPU    %usr   %nice    %sys %iowait    %irq   %soft  %steal  %guest  %gnice   %idle
11:56:27     all    0,25    0,00    0,00    0,00    0,00    0,00    0,00    0,00    0,00   99,75
11:56:27       0    0,00    0,00    0,00    0,00    0,00    0,00    0,00    0,00    0,00  100,00
11:56:27       1    0,00    0,00    0,00    0,00    0,00    0,00    0,00    0,00    0,00  100,00
11:56:27       2    0,00    0,00    0,00    0,00    0,00    0,00    0,00    0,00    0,00  100,00
11:56:27       3    0,98    0,00    0,00    0,00    0,00    0,00    0,00    0,00    0,00   99,02

11:56:27     CPU    %usr   %nice    %sys %iowait    %irq   %soft  %steal  %guest  %gnice   %idle
11:56:28     all    0,00    0,00    0,00    0,00    0,00    0,00    0,00    0,00    0,00  100,00
11:56:28       0    0,00    0,00    0,00    0,00    0,00    0,00    0,00    0,00    0,00  100,00
11:56:28       1    0,00    0,00    0,00    0,00    0,00    0,00    0,00    0,00    0,00  100,00
11:56:28       2    0,00    0,00    0,00    0,00    0,00    0,00    0,00    0,00    0,00  100,00
11:56:28       3    0,00    0,00    0,00    0,00    0,00    0,00    0,00    0,00    0,00  100,00

11:56:28     CPU    %usr   %nice    %sys %iowait    %irq   %soft  %steal  %guest  %gnice   %idle
11:56:29     all    0,00    0,00    0,25    0,00    0,00    0,00    0,00    0,00    0,00   99,75
11:56:29       0    0,00    0,00    0,00    0,00    0,00    0,00    0,00    0,00    0,00  100,00
11:56:29       1    0,00    0,00    0,99    0,00    0,00    0,00    0,00    0,00    0,00   99,01
11:56:29       2    0,00    0,00    0,00    0,00    0,00    0,00    0,00    0,00    0,00  100,00
11:56:29       3    0,00    0,00    0,00    0,00    0,00    0,00    0,00    0,00    0,00  100,00

11:56:29     CPU    %usr   %nice    %sys %iowait    %irq   %soft  %steal  %guest  %gnice   %idle
11:56:30     all    0,00    0,00    0,00    0,00    0,00    0,00    0,00    0,00    0,00  100,00
11:56:30       0    0,00    0,00    0,00    0,00    0,00    0,00    0,00    0,00    0,00  100,00
11:56:30       1    0,00    0,00    0,00    0,00    0,00    0,00    0,00    0,00    0,00  100,00
11:56:30       2    0,00    0,00    0,00    0,00    0,00    0,00    0,00    0,00    0,00  100,00
11:56:30       3    0,00    0,00    0,00    0,00    0,00    0,00    0,00    0,00    0,00  100,00

11:56:30     CPU    %usr   %nice    %sys %iowait    %irq   %soft  %steal  %guest  %gnice   %idle
11:56:31     all    0,25    0,00    0,25    0,00    0,00    0,00    0,00    0,00    0,00   99,50
11:56:31       0    1,00    0,00    0,00    0,00    0,00    0,00    0,00    0,00    0,00   99,00
11:56:31       1    0,00    0,00    0,00    0,00    0,00    0,00    0,00    0,00    0,00  100,00
11:56:31       2    0,00    0,00    1,00    0,00    0,00    0,00    0,00    0,00    0,00   99,00
11:56:31       3    0,00    0,00    0,00    0,00    0,00    0,00    0,00    0,00    0,00  100,00

Media:       CPU    %usr   %nice    %sys %iowait    %irq   %soft  %steal  %guest  %gnice   %idle
Media:       all    0,10    0,00    0,10    0,00    0,00    0,00    0,00    0,00    0,00   99,80
Media:         0    0,20    0,00    0,00    0,00    0,00    0,00    0,00    0,00    0,00   99,80
Media:         1    0,00    0,00    0,20    0,00    0,00    0,00    0,00    0,00    0,00   99,80
Media:         2    0,00    0,00    0,20    0,00    0,00    0,00    0,00    0,00    0,00   99,80
Media:         3    0,20    0,00    0,00    0,00    0,00    0,00    0,00    0,00    0,00   99,80
